[35m[Appium][39m Welcome to Appium v1.22.3
[35m[Appium][39m Non-default server args:
[35m[Appium][39m   port: 8934
[35m[Appium][39m   loglevel: info
[35m[Appium][39m   tmpDir: C:\Users\masari\AppData\Local\Temp\\Katalon\Appium\Temp1679910154004
[35m[Appium][39m   chromedriverPort: 8935
[35m[Appium][39m Deprecated server args:
[35m[Appium][39m   [31m--chromedriver-port[39m => --default-capabilities
[35m[Appium][39m Default capabilities, which will be added to each request unless overridden by desired capabilities:
[35m[Appium][39m   chromedriverPort: 8935
[35m[Appium][39m Appium REST http interface listener started on 0.0.0.0:8934
[35m[HTTP][39m [37m-->[39m [37mGET[39m [37m/wd/hub/status[39m
[35m[HTTP][39m [90m{}[39m
[35m[HTTP][39m [37m<-- GET /wd/hub/status [39m[32m200[39m [90m5 ms - 68[39m
[35m[HTTP][39m [90m[39m
[35m[HTTP][39m [37m-->[39m [37mGET[39m [37m/wd/hub/status[39m
[35m[HTTP][39m [90m{}[39m
[35m[HTTP][39m [37m<-- GET /wd/hub/status [39m[32m200[39m [90m1 ms - 68[39m
[35m[HTTP][39m [90m[39m
[35m[HTTP][39m [37m-->[39m [37mPOST[39m [37m/wd/hub/session[39m
[35m[HTTP][39m [90m{"desiredCapabilities":{"appActivity":".Settings","appPackage":"com.android.settings","newCommandTimeout":1800,"platformVersion":"10","automationName":"uiautomator2","autoGrantPermissions":true,"platformName":"Android","udid":"emulator-5554","deviceName":"emulator-5554 (Android SDK built for x86 - Android 10)","platform":"ANDROID","systemPort":8269},"capabilities":{"firstMatch":[{"appium:appActivity":".Settings","appium:appPackage":"com.android.settings","appium:autoGrantPermissions":true,"appium:automationName":"uiautomator2","appium:deviceName":"emulator-5554 (Android SDK built for x86 - Android 10)","appium:newCommandTimeout":1800,"platform":"ANDROID","platformName":"android","appium:platformVersion":"10","appium:systemPort":8269,"appium:udid":"emulator-5554"}]}}[39m
[35m[BaseDriver][39m The following capabilities are not standard capabilities and should have an extension prefix:
[35m[BaseDriver][39m   platform
[35m[BaseDriver][39m   chromedriverPort
[35m[Appium][39m Appium v1.22.3 creating new AndroidUiautomator2Driver (v1.70.1) session
[35m[BaseDriver][39m The following capabilities were provided, but are not recognized by Appium:
[35m[BaseDriver][39m   platform
[35m[BaseDriver][39m Session created with session id: 17c2b31f-82da-465a-879c-faadec6cbc89
[35m[UiAutomator2][39m Starting 'com.android.settings' directly on the device
[35m[ADB][39m Found 5 'build-tools' folders under 'C:\Users\masari\AppData\Local\Android\Sdk' (newest first):
[35m[ADB][39m     C:/Users/masari/AppData/Local/Android/Sdk/build-tools/33.0.0
[35m[ADB][39m     C:/Users/masari/AppData/Local/Android/Sdk/build-tools/30.0.3
[35m[ADB][39m     C:/Users/masari/AppData/Local/Android/Sdk/build-tools/29.0.3
[35m[ADB][39m     C:/Users/masari/AppData/Local/Android/Sdk/build-tools/29.0.2
[35m[ADB][39m     C:/Users/masari/AppData/Local/Android/Sdk/build-tools/28.0.3
[35m[ADB][39m Using 'adb.exe' from 'C:\Users\masari\AppData\Local\Android\Sdk\platform-tools\adb.exe'
[35m[AndroidDriver][39m Retrieving device list
[35m[AndroidDriver][39m Using device: emulator-5554
[35m[ADB][39m Using 'adb.exe' from 'C:\Users\masari\AppData\Local\Android\Sdk\platform-tools\adb.exe'
[35m[ADB][39m Getting device platform version
[35m[UiAutomator2][39m Relaxing hidden api policy
[35m[AndroidDriver][39m No app sent in, not parsing package/activity
[35m[ADB][39m Using 'apksigner.jar' from 'C:\Users\masari\AppData\Local\Android\Sdk\build-tools\33.0.0\lib\apksigner.jar'
[35m[ADB][39m 'C:\Users\masari\AppData\Roaming\npm\node_modules\appium\node_modules\appium-uiautomator2-server\apks\appium-uiautomator2-server-v4.27.0.apk' is signed with the default certificate
[35m[ADB][39m 'C:\Users\masari\AppData\Roaming\npm\node_modules\appium\node_modules\appium-uiautomator2-server\apks\appium-uiautomator2-server-debug-androidTest.apk' is signed with the default certificate
[35m[UiAutomator2][39m Server packages are not going to be (re)installed
[35m[ADB][39m Adding packages ["io.appium.settings","io.appium.uiautomator2.server","io.appium.uiautomator2.server.test"] to Doze whitelist
[35m[UiAutomator2][39m Starting UIAutomator2 server 4.27.0
[35m[UiAutomator2][39m Using UIAutomator2 server from 'C:\Users\masari\AppData\Roaming\npm\node_modules\appium\node_modules\appium-uiautomator2-server\apks\appium-uiautomator2-server-v4.27.0.apk' and test from 'C:\Users\masari\AppData\Roaming\npm\node_modules\appium\node_modules\appium-uiautomator2-server\apks\appium-uiautomator2-server-debug-androidTest.apk'
[35m[UiAutomator2][39m Waiting up to 30000ms for UiAutomator2 to be online...
[35m[WD Proxy][39m socket hang up
[35m[WD Proxy][39m socket hang up
[35m[WD Proxy][39m socket hang up
[35m[WD Proxy][39m Determined the downstream protocol as 'W3C'
[35m[AndroidDriver][39m Screen already unlocked, doing nothing
[35m[UiAutomator2][39m Starting 'com.android.settings/.Settings and waiting for 'com.android.settings/.Settings'
[35m[Appium][39m New AndroidUiautomator2Driver session created successfully, session 17c2b31f-82da-465a-879c-faadec6cbc89 added to master session list
[35m[HTTP][39m [37m<-- POST /wd/hub/session [39m[32m200[39m [90m9927 ms - 1204[39m
[35m[HTTP][39m [90m[39m
[35m[HTTP][39m [37m-->[39m [37mGET[39m [37m/wd/hub/session/17c2b31f-82da-465a-879c-faadec6cbc89[39m
[35m[HTTP][39m [90m{}[39m
[35m[HTTP][39m [37m<-- GET /wd/hub/session/17c2b31f-82da-465a-879c-faadec6cbc89 [39m[32m200[39m [90m14 ms - 1158[39m
[35m[HTTP][39m [90m[39m
[35m[HTTP][39m [37m-->[39m [37mGET[39m [37m/wd/hub/session/17c2b31f-82da-465a-879c-faadec6cbc89[39m
[35m[HTTP][39m [90m{}[39m
[35m[HTTP][39m [37m<-- GET /wd/hub/session/17c2b31f-82da-465a-879c-faadec6cbc89 [39m[32m200[39m [90m112 ms - 1158[39m
[35m[HTTP][39m [90m[39m
[35m[HTTP][39m [37m-->[39m [37mGET[39m [37m/wd/hub/status[39m
[35m[HTTP][39m [90m{}[39m
[35m[HTTP][39m [37m<-- GET /wd/hub/status [39m[32m200[39m [90m2 ms - 68[39m
[35m[HTTP][39m [90m[39m
[35m[HTTP][39m [37m-->[39m [37mPOST[39m [37m/wd/hub/session/17c2b31f-82da-465a-879c-faadec6cbc89/timeouts[39m
[35m[HTTP][39m [90m{"implicit":60000}[39m
[35m[HTTP][39m [37m<-- POST /wd/hub/session/17c2b31f-82da-465a-879c-faadec6cbc89/timeouts [39m[32m200[39m [90m2 ms - 14[39m
[35m[HTTP][39m [90m[39m
[35m[HTTP][39m [37m-->[39m [37mGET[39m [37m/wd/hub/session/17c2b31f-82da-465a-879c-faadec6cbc89/screenshot[39m
[35m[HTTP][39m [90m{}[39m
[35m[HTTP][39m [37m<-- GET /wd/hub/session/17c2b31f-82da-465a-879c-faadec6cbc89/screenshot [39m[32m200[39m [90m554 ms - 34956[39m
[35m[HTTP][39m [90m[39m
[35m[HTTP][39m [37m-->[39m [37mGET[39m [37m/wd/hub/session/17c2b31f-82da-465a-879c-faadec6cbc89/window/rect[39m
[35m[HTTP][39m [90m{}[39m
[35m[HTTP][39m [37m<-- GET /wd/hub/session/17c2b31f-82da-465a-879c-faadec6cbc89/window/rect [39m[32m200[39m [90m31 ms - 50[39m
[35m[HTTP][39m [90m[39m
[35m[HTTP][39m [37m-->[39m [37mGET[39m [37m/wd/hub/session/17c2b31f-82da-465a-879c-faadec6cbc89/appium/device/system_bars[39m
[35m[HTTP][39m [90m{}[39m
[35m[HTTP][39m [37m<-- GET /wd/hub/session/17c2b31f-82da-465a-879c-faadec6cbc89/appium/device/system_bars [39m[32m200[39m [90m268 ms - 148[39m
[35m[HTTP][39m [90m[39m
[35m[HTTP][39m [37m-->[39m [37mPOST[39m [37m/wd/hub/session/17c2b31f-82da-465a-879c-faadec6cbc89/appium/device/activate_app[39m
[35m[HTTP][39m [90m{"bundleId":"com.ecwid.ShopAt.HappyDayShopping"}[39m
[35m[HTTP][39m [37m<-- POST /wd/hub/session/17c2b31f-82da-465a-879c-faadec6cbc89/appium/device/activate_app [39m[32m200[39m [90m775 ms - 14[39m
[35m[HTTP][39m [90m[39m
[35m[HTTP][39m [37m-->[39m [37mGET[39m [37m/wd/hub/session/17c2b31f-82da-465a-879c-faadec6cbc89/source[39m
[35m[HTTP][39m [90m{}[39m
[35m[W3C (17c2b31f)][39m Driver proxy active, passing request on via HTTP proxy
[35m[WD Proxy][39m Replacing sessionId 9875e36f-ad62-4875-96d4-a0f20c6e4acf with 17c2b31f-82da-465a-879c-faadec6cbc89
[35m[HTTP][39m [37m<-- GET /wd/hub/session/17c2b31f-82da-465a-879c-faadec6cbc89/source [39m[32m200[39m [90m918 ms - 26778[39m
[35m[HTTP][39m [90m[39m
[35m[HTTP][39m [37m-->[39m [37mGET[39m [37m/wd/hub/session/17c2b31f-82da-465a-879c-faadec6cbc89/screenshot[39m
[35m[HTTP][39m [90m{}[39m
[35m[HTTP][39m [37m<-- GET /wd/hub/session/17c2b31f-82da-465a-879c-faadec6cbc89/screenshot [39m[32m200[39m [90m399 ms - 133016[39m
[35m[HTTP][39m [90m[39m
[35m[HTTP][39m [37m-->[39m [37mGET[39m [37m/wd/hub/session/17c2b31f-82da-465a-879c-faadec6cbc89/source[39m
[35m[HTTP][39m [90m{}[39m
[35m[W3C (17c2b31f)][39m Driver proxy active, passing request on via HTTP proxy
[35m[WD Proxy][39m Replacing sessionId 9875e36f-ad62-4875-96d4-a0f20c6e4acf with 17c2b31f-82da-465a-879c-faadec6cbc89
[35m[HTTP][39m [37m<-- GET /wd/hub/session/17c2b31f-82da-465a-879c-faadec6cbc89/source [39m[32m200[39m [90m555 ms - 55563[39m
[35m[HTTP][39m [90m[39m
[35m[HTTP][39m [37m-->[39m [37mGET[39m [37m/wd/hub/session/17c2b31f-82da-465a-879c-faadec6cbc89/screenshot[39m
[35m[HTTP][39m [90m{}[39m
[35m[HTTP][39m [37m<-- GET /wd/hub/session/17c2b31f-82da-465a-879c-faadec6cbc89/screenshot [39m[32m200[39m [90m344 ms - 320272[39m
[35m[HTTP][39m [90m[39m
[35m[HTTP][39m [37m-->[39m [37mPOST[39m [37m/wd/hub/session/17c2b31f-82da-465a-879c-faadec6cbc89/elements[39m
[35m[HTTP][39m [90m{"using":"xpath","value":"//*[@class = 'android.view.View' and (@text = 'If you have any inquiries or updates pls whatsap us at 94617563. ' or . = 'If you have any inquiries or updates pls whatsap us at 94617563. ')]"}[39m
[35m[HTTP][39m [37m<-- POST /wd/hub/session/17c2b31f-82da-465a-879c-faadec6cbc89/elements [39m[32m200[39m [90m648 ms - 139[39m
[35m[HTTP][39m [90m[39m
[35m[HTTP][39m [37m-->[39m [37mGET[39m [37m/wd/hub/session/17c2b31f-82da-465a-879c-faadec6cbc89/window/rect[39m
[35m[HTTP][39m [90m{}[39m
[35m[HTTP][39m [37m<-- GET /wd/hub/session/17c2b31f-82da-465a-879c-faadec6cbc89/window/rect [39m[32m200[39m [90m12 ms - 50[39m
[35m[HTTP][39m [90m[39m
[35m[HTTP][39m [37m-->[39m [37mPOST[39m [37m/wd/hub/session/17c2b31f-82da-465a-879c-faadec6cbc89/elements[39m
[35m[HTTP][39m [90m{"using":"xpath","value":"//*[@class = 'android.view.View' and (@text = 'If you have any inquiries or updates pls whatsap us at 94617563. ' or . = 'If you have any inquiries or updates pls whatsap us at 94617563. ')]"}[39m
[35m[HTTP][39m [37m<-- POST /wd/hub/session/17c2b31f-82da-465a-879c-faadec6cbc89/elements [39m[32m200[39m [90m293 ms - 139[39m
[35m[HTTP][39m [90m[39m
[35m[HTTP][39m [37m-->[39m [37mGET[39m [37m/wd/hub/session/17c2b31f-82da-465a-879c-faadec6cbc89/element/00000000-0000-002a-0000-02b100000050/location[39m
[35m[HTTP][39m [90m{}[39m
[35m[W3C (17c2b31f)][39m Driver proxy active, passing request on via HTTP proxy
[35m[WD Proxy][39m Replacing sessionId 9875e36f-ad62-4875-96d4-a0f20c6e4acf with 17c2b31f-82da-465a-879c-faadec6cbc89
[35m[HTTP][39m [37m<-- GET /wd/hub/session/17c2b31f-82da-465a-879c-faadec6cbc89/element/00000000-0000-002a-0000-02b100000050/location [39m[32m200[39m [90m20 ms - 77[39m
[35m[HTTP][39m [90m[39m
[35m[HTTP][39m [37m-->[39m [37mGET[39m [37m/wd/hub/session/17c2b31f-82da-465a-879c-faadec6cbc89/element/00000000-0000-002a-0000-02b100000050/text[39m
[35m[HTTP][39m [90m{}[39m
[35m[W3C (17c2b31f)][39m Driver proxy active, passing request on via HTTP proxy
[35m[WD Proxy][39m Replacing sessionId 9875e36f-ad62-4875-96d4-a0f20c6e4acf with 17c2b31f-82da-465a-879c-faadec6cbc89
[35m[HTTP][39m [37m<-- GET /wd/hub/session/17c2b31f-82da-465a-879c-faadec6cbc89/element/00000000-0000-002a-0000-02b100000050/text [39m[32m200[39m [90m14 ms - 129[39m
[35m[HTTP][39m [90m[39m
[35m[HTTP][39m [37m-->[39m [37mGET[39m [37m/wd/hub/session/17c2b31f-82da-465a-879c-faadec6cbc89/source[39m
[35m[HTTP][39m [90m{}[39m
[35m[W3C (17c2b31f)][39m Driver proxy active, passing request on via HTTP proxy
[35m[WD Proxy][39m Replacing sessionId 9875e36f-ad62-4875-96d4-a0f20c6e4acf with 17c2b31f-82da-465a-879c-faadec6cbc89
[35m[HTTP][39m [37m<-- GET /wd/hub/session/17c2b31f-82da-465a-879c-faadec6cbc89/source [39m[32m200[39m [90m420 ms - 55563[39m
[35m[HTTP][39m [90m[39m
[35m[HTTP][39m [37m-->[39m [37mGET[39m [37m/wd/hub/session/17c2b31f-82da-465a-879c-faadec6cbc89/screenshot[39m
[35m[HTTP][39m [90m{}[39m
[35m[HTTP][39m [37m<-- GET /wd/hub/session/17c2b31f-82da-465a-879c-faadec6cbc89/screenshot [39m[32m200[39m [90m374 ms - 320272[39m
[35m[HTTP][39m [90m[39m
[35m[HTTP][39m [37m-->[39m [37mDELETE[39m [37m/wd/hub/session/17c2b31f-82da-465a-879c-faadec6cbc89[39m
[35m[HTTP][39m [90m{}[39m
[35m[Appium][39m Removing session 17c2b31f-82da-465a-879c-faadec6cbc89 from our master session list
[35m[UiAutomator2][39m Restoring hidden api policy to the device default configuration
[35m[HTTP][39m [37m<-- DELETE /wd/hub/session/17c2b31f-82da-465a-879c-faadec6cbc89 [39m[32m200[39m [90m419 ms - 14[39m
[35m[HTTP][39m [90m[39m
